<?xml version="1.0" encoding="UTF-8"?>
<!-- Generated by org.testng.reporters.JUnitReportReporter -->
<testsuite hostname="DESKTOP-7VMLG5R" name="practice.practice.TestNGsamTest" tests="2" failures="0" timestamp="28 Dec 2021 06:02:03 GMT" time="0.007" errors="0">
  <testcase name="test1" time="0.000" classname="practice.practice.TestNGsamTest"/>
  <testcase name="test" time="0.007" classname="practice.practice.TestNGsamTest"/>
</testsuite> <!-- practice.practice.TestNGsamTest -->
