<?xml version="1.0" encoding="UTF-8"?>
<!-- Generated by org.testng.reporters.JUnitReportReporter -->
<testsuite hostname="DESKTOP-7VMLG5R" name="TestAnnotation.TestAnnotation1" tests="3" failures="0" timestamp="1 Dec 2021 14:05:56 GMT" time="0.016" errors="0">
  <testcase name="testmethod3" time="0.001" classname="TestAnnotation.TestAnnotation1"/>
  <testcase name="testmethod1" time="0.013" classname="TestAnnotation.TestAnnotation1"/>
  <testcase name="testmethod2" time="0.002" classname="TestAnnotation.TestAnnotation1"/>
</testsuite> <!-- TestAnnotation.TestAnnotation1 -->
