<?xml version="1.0" encoding="UTF-8"?>
<!-- Generated by org.testng.reporters.JUnitReportReporter -->
<testsuite hostname="DESKTOP-7VMLG5R" name="TestAnnotation.AnnotationMethod" tests="2" failures="0" timestamp="29 Dec 2021 07:20:45 GMT" time="0.000" errors="0">
  <testcase name="testmethod2" time="0.000" classname="TestAnnotation.AnnotationMethod"/>
  <testcase name="testmethod1" time="0.000" classname="TestAnnotation.AnnotationMethod"/>
</testsuite> <!-- TestAnnotation.AnnotationMethod -->
