<?xml version="1.0" encoding="UTF-8"?>
<!-- Generated by org.testng.reporters.JUnitReportReporter -->
<testsuite hostname="DESKTOP-7VMLG5R" name="practice.practice.PriorityTest" tests="4" failures="0" timestamp="29 Dec 2021 09:34:57 GMT" time="0.036" errors="0">
  <testcase name="test" time="0.008" classname="practice.practice.PriorityTest"/>
  <testcase name="test" time="0.008" classname="practice.practice.PriorityTest"/>
  <testcase name="test" time="0.000" classname="practice.practice.PriorityTest"/>
  <testcase name="test1" time="0.020" classname="practice.practice.PriorityTest"/>
</testsuite> <!-- practice.practice.PriorityTest -->
