<?xml version="1.0" encoding="UTF-8"?>
<!-- Generated by org.testng.reporters.JUnitReportReporter -->
<testsuite hostname="DESKTOP-7VMLG5R" name="practice.Testng" tests="1" failures="0" timestamp="3 Dec 2021 14:01:38 GMT" time="0.017" errors="0">
  <testcase name="test2" time="0.017" classname="practice.Testng"/>
</testsuite> <!-- practice.Testng -->
