<?xml version="1.0" encoding="UTF-8"?>
<!-- Generated by org.testng.reporters.JUnitReportReporter -->
<testsuite hostname="DESKTOP-7VMLG5R" name="TestAnnotation.TestAnotation_Sam1" tests="1" failures="0" timestamp="3 Dec 2021 10:58:28 GMT" time="0.006" errors="0">
  <testcase name="Testmethod" time="0.006" classname="TestAnnotation.TestAnotation_Sam1"/>
</testsuite> <!-- TestAnnotation.TestAnotation_Sam1 -->
